### 17.08.2019 20:55:27



### 17.08.2019 20:56:14
Array
(
    [catalog] => Array
        (
            [0] => Спички
            [1] => Метла
            [2] => Ведро
        )

)



### 20.08.2019 20:53:48
Array
(
    [catalog] => Array
        (
            [0] => Спички
            [1] => Метла
            [2] => Ведро
        )

)



### 20.08.2019 20:53:51
Array
(
    [catalog] => Array
        (
            [0] => Спички
            [1] => Метла
            [2] => Ведро
        )

)



### 20.08.2019 20:53:52
Array
(
    [catalog] => Array
        (
            [0] => Спички
            [1] => Метла
            [2] => Ведро
        )

)



### 20.08.2019 20:53:57
Array
(
    [catalog] => Array
        (
            [0] => Спички
            [1] => Метла
            [2] => Ведро
        )

)



### 20.08.2019 20:53:58
Array
(
    [catalog] => Array
        (
            [0] => Спички
            [1] => Метла
            [2] => Ведро
        )

)



### 20.08.2019 20:57:36
Array
(
    [catalog] => Array
        (
            [0] => Спички
            [1] => Метла
            [2] => Ведро
        )

)



### 20.08.2019 20:57:37
Array
(
    [catalog] => Array
        (
            [0] => Спички
            [1] => Метла
            [2] => Ведро
        )

)



### 20.08.2019 20:57:40
Array
(
    [catalog] => Array
        (
            [0] => Спички
            [1] => Метла
            [2] => Ведро
        )

)



### 20.08.2019 20:57:59
Array
(
    [catalog] => Array
        (
            [0] => Спички
            [1] => Метла
            [2] => Ведро
        )

)



### 20.08.2019 21:01:04
Array
(
    [catalog] => Array
        (
            [0] => Спички
            [1] => Метла
            [2] => Ведро
        )

)



### 20.08.2019 21:01:06
Array
(
    [catalog] => Array
        (
            [0] => Спички
            [1] => Метла
            [2] => Ведро
        )

)



### 20.08.2019 21:01:07
Array
(
    [catalog] => Array
        (
            [0] => Спички
            [1] => Метла
            [2] => Ведро
        )

)



### 20.08.2019 21:01:09
Array
(
    [catalog] => Array
        (
            [0] => Спички
            [1] => Метла
            [2] => Ведро
        )

)



### 20.08.2019 21:01:11
Array
(
    [catalog] => Array
        (
            [0] => Спички
            [1] => Метла
            [2] => Ведро
        )

)



### 20.08.2019 21:04:06
Array
(
    [catalog] => Array
        (
            [0] => Спички
            [1] => Метла
            [2] => Ведро
        )

)



### 20.08.2019 21:04:07
Array
(
    [catalog] => Array
        (
            [0] => Спички
            [1] => Метла
            [2] => Ведро
        )

)



### 20.08.2019 21:04:08
Array
(
    [catalog] => Array
        (
            [0] => Спички
            [1] => Метла
            [2] => Ведро
        )

)



### 20.08.2019 21:04:09
Array
(
    [catalog] => Array
        (
            [0] => Спички
            [1] => Метла
            [2] => Ведро
        )

)



### 20.08.2019 21:24:47
Array
(
    [catalog] => Array
        (
            [0] => Спички
            [1] => Метла
            [2] => Ведро
        )

)



### 20.08.2019 21:28:17
Array
(
    [catalog] => Array
        (
            [0] => Спички
            [1] => Метла
            [2] => Ведро
        )

)



### 20.08.2019 21:28:18
Array
(
    [catalog] => Array
        (
            [0] => Спички
            [1] => Метла
            [2] => Ведро
        )

)



### 24.08.2019 21:10:22
Array
(
    [catalog] => Array
        (
            [0] => Спички
            [1] => Метла
            [2] => Ведро
        )

)



### 24.08.2019 21:10:27
Array
(
    [catalog] => Array
        (
            [0] => Спички
            [1] => Метла
            [2] => Ведро
        )

)



### 24.08.2019 21:10:29
Array
(
    [catalog] => Array
        (
            [0] => Спички
            [1] => Метла
            [2] => Ведро
        )

)



### 24.08.2019 21:10:34
Array
(
    [catalog] => Array
        (
            [0] => Спички
            [1] => Метла
            [2] => Ведро
        )

)



### 24.08.2019 21:10:37
Array
(
    [catalog] => Array
        (
            [0] => Спички
            [1] => Метла
            [2] => Ведро
        )

)



### 24.08.2019 21:18:25
Array
(
    [catalog] => Array
        (
            [0] => Спички
            [1] => Метла
            [2] => Ведро
        )

)



### 24.08.2019 21:20:43
Array
(
    [catalog] => Array
        (
            [0] => Спички
            [1] => Метла
            [2] => Ведро
        )

)



### 26.08.2019 22:12:26
Array
(
    [catalog] => Array
        (
            [0] => Спички
            [1] => Метла
            [2] => Ведро
        )

)



### 27.08.2019 11:02:13
Array
(
    [catalog] => Array
        (
            [0] => Спички
            [1] => Метла
            [2] => Ведро
        )

)



### 27.08.2019 12:02:22
Array
(
    [catalog] => Array
        (
            [0] => Спички
            [1] => Метла
            [2] => Ведро
        )

)



### 27.08.2019 12:18:15
Array
(
    [catalog] => Array
        (
            [0] => Спички
            [1] => Метла
            [2] => Ведро
        )

)



### 27.08.2019 12:26:03
Array
(
    [catalog] => Array
        (
            [0] => Спички
            [1] => Метла
            [2] => Ведро
        )

)



### 27.08.2019 12:32:07
Array
(
    [catalog] => Array
        (
            [0] => Спички
            [1] => Метла
            [2] => Ведро
        )

)



### 27.08.2019 13:05:14
Array
(
    [catalog] => Array
        (
            [0] => Спички
            [1] => Метла
            [2] => Ведро
        )

)



### 27.08.2019 13:08:29
Array
(
    [catalog] => Array
        (
            [0] => Спички
            [1] => Метла
            [2] => Ведро
        )

)



### 27.08.2019 13:10:31
Array
(
    [catalog] => Array
        (
            [0] => Спички
            [1] => Метла
            [2] => Ведро
        )

)



### 27.08.2019 13:24:02
Array
(
    [catalog] => Array
        (
            [0] => Спички
            [1] => Метла
            [2] => Ведро
        )

)



